This file contains any messages produced by compilers while
running configure, to aid debugging if configure makes a mistake.

It was created by SUNDIALS configure 2.5.0, which was
generated by GNU Autoconf 2.59.  Invocation command line was

  $ ./configure CC=gcc F77=gfortran --with-cflags=-fopenmp--with-ldflags=-fopenmp --with-fflags=-fopenmp--prefix=ABSOLUTE-HOME-PATH/3DPDR/sundials/

## --------- ##
## Platform. ##
## --------- ##

hostname = Flutershy
uname -m = x86_64
uname -r = 4.15.0-108-generic
uname -s = Linux
uname -v = #109-Ubuntu SMP Fri Jun 19 11:33:10 UTC 2020

/usr/bin/uname -p = unknown
/bin/uname -X     = unknown

/bin/arch              = unknown
/usr/bin/arch -k       = unknown
/usr/convex/getsysinfo = unknown
hostinfo               = unknown
/bin/machine           = unknown
/usr/bin/oslevel       = unknown
/bin/universe          = unknown

PATH: /usr/local/sbin
PATH: /usr/local/bin
PATH: /usr/sbin
PATH: /usr/bin
PATH: /sbin
PATH: /bin
PATH: /snap/bin


## ----------- ##
## Core tests. ##
## ----------- ##

configure:1826: checking build system type
configure:1844: result: x86_64-unknown-linux-gnu
configure:1854: checking host system type
configure:1868: result: x86_64-unknown-linux-gnu
configure:1880: checking whether make sets $(MAKE)
configure:1900: result: yes
configure:1925: checking for a BSD-compatible install
configure:1980: result: /usr/bin/install -c
configure:2330: checking for C compiler version
configure:2333: gcc --version </dev/null >&5
gcc (Ubuntu 7.5.0-3ubuntu1~18.04) 7.5.0
Copyright (C) 2017 Free Software Foundation, Inc.
This is free software; see the source for copying conditions.  There is NO
warranty; not even for MERCHANTABILITY or FITNESS FOR A PARTICULAR PURPOSE.

configure:2336: $? = 0
configure:2338: gcc -v </dev/null >&5
Using built-in specs.
COLLECT_GCC=gcc
COLLECT_LTO_WRAPPER=/usr/lib/gcc/x86_64-linux-gnu/7/lto-wrapper
OFFLOAD_TARGET_NAMES=nvptx-none
OFFLOAD_TARGET_DEFAULT=1
Target: x86_64-linux-gnu
Configured with: ../src/configure -v --with-pkgversion='Ubuntu 7.5.0-3ubuntu1~18.04' --with-bugurl=file:///usr/share/doc/gcc-7/README.Bugs --enable-languages=c,ada,c++,go,brig,d,fortran,objc,obj-c++ --prefix=/usr --with-gcc-major-version-only --program-suffix=-7 --program-prefix=x86_64-linux-gnu- --enable-shared --enable-linker-build-id --libexecdir=/usr/lib --without-included-gettext --enable-threads=posix --libdir=/usr/lib --enable-nls --enable-bootstrap --enable-clocale=gnu --enable-libstdcxx-debug --enable-libstdcxx-time=yes --with-default-libstdcxx-abi=new --enable-gnu-unique-object --disable-vtable-verify --enable-libmpx --enable-plugin --enable-default-pie --with-system-zlib --with-target-system-zlib --enable-objc-gc=auto --enable-multiarch --disable-werror --with-arch-32=i686 --with-abi=m64 --with-multilib-list=m32,m64,mx32 --enable-multilib --with-tune=generic --enable-offload-targets=nvptx-none --without-cuda-driver --enable-checking=release --build=x86_64-linux-gnu --host=x86_64-linux-gnu --target=x86_64-linux-gnu
Thread model: posix
gcc version 7.5.0 (Ubuntu 7.5.0-3ubuntu1~18.04) 
configure:2341: $? = 0
configure:2343: gcc -V </dev/null >&5
gcc: error: unrecognized command line option '-V'
gcc: fatal error: no input files
compilation terminated.
configure:2346: $? = 1
configure:2369: checking for C compiler default output file name
configure:2372: gcc    conftest.c  >&5
configure:2375: $? = 0
configure:2421: result: a.out
configure:2426: checking whether the C compiler works
configure:2432: ./a.out
configure:2435: $? = 0
configure:2452: result: yes
configure:2459: checking whether we are cross compiling
configure:2461: result: no
configure:2464: checking for suffix of executables
configure:2466: gcc -o conftest    conftest.c  >&5
configure:2469: $? = 0
configure:2494: result: 
configure:2500: checking for suffix of object files
configure:2521: gcc -c   conftest.c >&5
configure:2524: $? = 0
configure:2546: result: o
configure:2550: checking whether we are using the GNU C compiler
configure:2574: gcc -c   conftest.c >&5
configure:2580: $? = 0
configure:2584: test -z 
			 || test ! -s conftest.err
configure:2587: $? = 0
configure:2590: test -s conftest.o
configure:2593: $? = 0
configure:2606: result: yes
configure:2612: checking whether gcc accepts -g
configure:2633: gcc -c -g  conftest.c >&5
configure:2639: $? = 0
configure:2643: test -z 
			 || test ! -s conftest.err
configure:2646: $? = 0
configure:2649: test -s conftest.o
configure:2652: $? = 0
configure:2663: result: yes
configure:2680: checking for gcc option to accept ANSI C
configure:2750: gcc  -c -g -O2  conftest.c >&5
configure:2756: $? = 0
configure:2760: test -z 
			 || test ! -s conftest.err
configure:2763: $? = 0
configure:2766: test -s conftest.o
configure:2769: $? = 0
configure:2787: result: none needed
configure:2805: gcc -c -g -O2  conftest.c >&5
conftest.c:2:3: error: unknown type name 'choke'
   choke me
   ^~~~~
conftest.c:2:3: error: expected '=', ',', ';', 'asm' or '__attribute__' at end of input
configure:2811: $? = 1
configure: failed program was:
| #ifndef __cplusplus
|   choke me
| #endif
configure:2947: checking for egrep
configure:2957: result: grep -E
configure:2976: checking for sys/types.h
configure:2992: gcc -c -g -O2  conftest.c >&5
configure:2998: $? = 0
configure:3002: test -z 
			 || test ! -s conftest.err
configure:3005: $? = 0
configure:3008: test -s conftest.o
configure:3011: $? = 0
configure:3022: result: yes
configure:2976: checking for sys/stat.h
configure:2992: gcc -c -g -O2  conftest.c >&5
configure:2998: $? = 0
configure:3002: test -z 
			 || test ! -s conftest.err
configure:3005: $? = 0
configure:3008: test -s conftest.o
configure:3011: $? = 0
configure:3022: result: yes
configure:2976: checking for stdlib.h
configure:2992: gcc -c -g -O2  conftest.c >&5
configure:2998: $? = 0
configure:3002: test -z 
			 || test ! -s conftest.err
configure:3005: $? = 0
configure:3008: test -s conftest.o
configure:3011: $? = 0
configure:3022: result: yes
configure:2976: checking for string.h
configure:2992: gcc -c -g -O2  conftest.c >&5
configure:2998: $? = 0
configure:3002: test -z 
			 || test ! -s conftest.err
configure:3005: $? = 0
configure:3008: test -s conftest.o
configure:3011: $? = 0
configure:3022: result: yes
configure:2976: checking for memory.h
configure:2992: gcc -c -g -O2  conftest.c >&5
configure:2998: $? = 0
configure:3002: test -z 
			 || test ! -s conftest.err
configure:3005: $? = 0
configure:3008: test -s conftest.o
configure:3011: $? = 0
configure:3022: result: yes
configure:2976: checking for strings.h
configure:2992: gcc -c -g -O2  conftest.c >&5
configure:2998: $? = 0
configure:3002: test -z 
			 || test ! -s conftest.err
configure:3005: $? = 0
configure:3008: test -s conftest.o
configure:3011: $? = 0
configure:3022: result: yes
configure:2976: checking for inttypes.h
configure:2992: gcc -c -g -O2  conftest.c >&5
configure:2998: $? = 0
configure:3002: test -z 
			 || test ! -s conftest.err
configure:3005: $? = 0
configure:3008: test -s conftest.o
configure:3011: $? = 0
configure:3022: result: yes
configure:2976: checking for stdint.h
configure:2992: gcc -c -g -O2  conftest.c >&5
configure:2998: $? = 0
configure:3002: test -z 
			 || test ! -s conftest.err
configure:3005: $? = 0
configure:3008: test -s conftest.o
configure:3011: $? = 0
configure:3022: result: yes
configure:2976: checking for unistd.h
configure:2992: gcc -c -g -O2  conftest.c >&5
configure:2998: $? = 0
configure:3002: test -z 
			 || test ! -s conftest.err
configure:3005: $? = 0
configure:3008: test -s conftest.o
configure:3011: $? = 0
configure:3022: result: yes
configure:3081: checking floating-point data type to use
configure:3124: result: double
configure:3143: checking for C compiler flags
configure:3150: result: -fopenmp--with-ldflags=-fopenmp
configure:3168: checking how to run the C preprocessor
configure:3203: gcc -E  conftest.c
configure:3209: $? = 0
configure:3241: gcc -E  conftest.c
conftest.c:19:10: fatal error: ac_nonexistent.h: No such file or directory
 #include <ac_nonexistent.h>
          ^~~~~~~~~~~~~~~~~~
compilation terminated.
configure:3247: $? = 1
configure: failed program was:
| /* confdefs.h.  */
| 
| #define PACKAGE_NAME "SUNDIALS"
| #define PACKAGE_TARNAME "sundials"
| #define PACKAGE_VERSION "2.5.0"
| #define PACKAGE_STRING "SUNDIALS 2.5.0"
| #define PACKAGE_BUGREPORT "radu@llnl.gov"
| #define HAVE_SYS_TYPES_H 1
| #define HAVE_SYS_STAT_H 1
| #define HAVE_STDLIB_H 1
| #define HAVE_STRING_H 1
| #define HAVE_MEMORY_H 1
| #define HAVE_STRINGS_H 1
| #define HAVE_INTTYPES_H 1
| #define HAVE_STDINT_H 1
| #define HAVE_UNISTD_H 1
| #define SUNDIALS_DOUBLE_PRECISION 1
| /* end confdefs.h.  */
| #include <ac_nonexistent.h>
configure:3286: result: gcc -E
configure:3310: gcc -E  conftest.c
configure:3316: $? = 0
configure:3348: gcc -E  conftest.c
conftest.c:19:10: fatal error: ac_nonexistent.h: No such file or directory
 #include <ac_nonexistent.h>
          ^~~~~~~~~~~~~~~~~~
compilation terminated.
configure:3354: $? = 1
configure: failed program was:
| /* confdefs.h.  */
| 
| #define PACKAGE_NAME "SUNDIALS"
| #define PACKAGE_TARNAME "sundials"
| #define PACKAGE_VERSION "2.5.0"
| #define PACKAGE_STRING "SUNDIALS 2.5.0"
| #define PACKAGE_BUGREPORT "radu@llnl.gov"
| #define HAVE_SYS_TYPES_H 1
| #define HAVE_SYS_STAT_H 1
| #define HAVE_STDLIB_H 1
| #define HAVE_STRING_H 1
| #define HAVE_MEMORY_H 1
| #define HAVE_STRINGS_H 1
| #define HAVE_INTTYPES_H 1
| #define HAVE_STDINT_H 1
| #define HAVE_UNISTD_H 1
| #define SUNDIALS_DOUBLE_PRECISION 1
| /* end confdefs.h.  */
| #include <ac_nonexistent.h>
configure:3400: checking for C/C++ preprocessor flags
configure:3413: result: none
configure:3419: checking for linker flags
configure:3432: result: none
configure:3438: checking for extra libraries
configure:3455: result: none
configure:3463: checking for ANSI C header files
configure:3488: gcc -c -fopenmp--with-ldflags=-fopenmp  conftest.c >&5
gcc: error: unrecognized command line option '-fopenmp--with-ldflags=-fopenmp'
configure:3494: $? = 1
configure: failed program was:
| /* confdefs.h.  */
| 
| #define PACKAGE_NAME "SUNDIALS"
| #define PACKAGE_TARNAME "sundials"
| #define PACKAGE_VERSION "2.5.0"
| #define PACKAGE_STRING "SUNDIALS 2.5.0"
| #define PACKAGE_BUGREPORT "radu@llnl.gov"
| #define HAVE_SYS_TYPES_H 1
| #define HAVE_SYS_STAT_H 1
| #define HAVE_STDLIB_H 1
| #define HAVE_STRING_H 1
| #define HAVE_MEMORY_H 1
| #define HAVE_STRINGS_H 1
| #define HAVE_INTTYPES_H 1
| #define HAVE_STDINT_H 1
| #define HAVE_UNISTD_H 1
| #define SUNDIALS_DOUBLE_PRECISION 1
| /* end confdefs.h.  */
| #include <stdlib.h>
| #include <stdarg.h>
| #include <string.h>
| #include <float.h>
| 
| int
| main ()
| {
| 
|   ;
|   return 0;
| }
configure:3619: result: no
configure:3636: checking for stdlib.h
configure:3641: result: yes
configure:3645: checking float.h usability
configure:3657: gcc -c -fopenmp--with-ldflags=-fopenmp  conftest.c >&5
gcc: error: unrecognized command line option '-fopenmp--with-ldflags=-fopenmp'
configure:3663: $? = 1
configure: failed program was:
| /* confdefs.h.  */
| 
| #define PACKAGE_NAME "SUNDIALS"
| #define PACKAGE_TARNAME "sundials"
| #define PACKAGE_VERSION "2.5.0"
| #define PACKAGE_STRING "SUNDIALS 2.5.0"
| #define PACKAGE_BUGREPORT "radu@llnl.gov"
| #define HAVE_SYS_TYPES_H 1
| #define HAVE_SYS_STAT_H 1
| #define HAVE_STDLIB_H 1
| #define HAVE_STRING_H 1
| #define HAVE_MEMORY_H 1
| #define HAVE_STRINGS_H 1
| #define HAVE_INTTYPES_H 1
| #define HAVE_STDINT_H 1
| #define HAVE_UNISTD_H 1
| #define SUNDIALS_DOUBLE_PRECISION 1
| #define HAVE_STDLIB_H 1
| /* end confdefs.h.  */
| #include <stdio.h>
| #if HAVE_SYS_TYPES_H
| # include <sys/types.h>
| #endif
| #if HAVE_SYS_STAT_H
| # include <sys/stat.h>
| #endif
| #if STDC_HEADERS
| # include <stdlib.h>
| # include <stddef.h>
| #else
| # if HAVE_STDLIB_H
| #  include <stdlib.h>
| # endif
| #endif
| #if HAVE_STRING_H
| # if !STDC_HEADERS && HAVE_MEMORY_H
| #  include <memory.h>
| # endif
| # include <string.h>
| #endif
| #if HAVE_STRINGS_H
| # include <strings.h>
| #endif
| #if HAVE_INTTYPES_H
| # include <inttypes.h>
| #else
| # if HAVE_STDINT_H
| #  include <stdint.h>
| # endif
| #endif
| #if HAVE_UNISTD_H
| # include <unistd.h>
| #endif
| #include <float.h>
configure:3686: result: no
configure:3690: checking float.h presence
configure:3700: gcc -E  conftest.c
configure:3706: $? = 0
configure:3726: result: yes
configure:3739: WARNING: float.h: present but cannot be compiled
configure:3741: WARNING: float.h:     check for missing prerequisite headers?
configure:3743: WARNING: float.h: see the Autoconf documentation
configure:3745: WARNING: float.h:     section "Present But Cannot Be Compiled"
configure:3747: WARNING: float.h: proceeding with the preprocessor's result
configure:3749: WARNING: float.h: in the future, the compiler will take precedence
configure:3761: checking for float.h
configure:3768: result: yes
configure:3645: checking math.h usability
configure:3657: gcc -c -fopenmp--with-ldflags=-fopenmp  conftest.c >&5
gcc: error: unrecognized command line option '-fopenmp--with-ldflags=-fopenmp'
configure:3663: $? = 1
configure: failed program was:
| /* confdefs.h.  */
| 
| #define PACKAGE_NAME "SUNDIALS"
| #define PACKAGE_TARNAME "sundials"
| #define PACKAGE_VERSION "2.5.0"
| #define PACKAGE_STRING "SUNDIALS 2.5.0"
| #define PACKAGE_BUGREPORT "radu@llnl.gov"
| #define HAVE_SYS_TYPES_H 1
| #define HAVE_SYS_STAT_H 1
| #define HAVE_STDLIB_H 1
| #define HAVE_STRING_H 1
| #define HAVE_MEMORY_H 1
| #define HAVE_STRINGS_H 1
| #define HAVE_INTTYPES_H 1
| #define HAVE_STDINT_H 1
| #define HAVE_UNISTD_H 1
| #define SUNDIALS_DOUBLE_PRECISION 1
| #define HAVE_STDLIB_H 1
| #define HAVE_FLOAT_H 1
| /* end confdefs.h.  */
| #include <stdio.h>
| #if HAVE_SYS_TYPES_H
| # include <sys/types.h>
| #endif
| #if HAVE_SYS_STAT_H
| # include <sys/stat.h>
| #endif
| #if STDC_HEADERS
| # include <stdlib.h>
| # include <stddef.h>
| #else
| # if HAVE_STDLIB_H
| #  include <stdlib.h>
| # endif
| #endif
| #if HAVE_STRING_H
| # if !STDC_HEADERS && HAVE_MEMORY_H
| #  include <memory.h>
| # endif
| # include <string.h>
| #endif
| #if HAVE_STRINGS_H
| # include <strings.h>
| #endif
| #if HAVE_INTTYPES_H
| # include <inttypes.h>
| #else
| # if HAVE_STDINT_H
| #  include <stdint.h>
| # endif
| #endif
| #if HAVE_UNISTD_H
| # include <unistd.h>
| #endif
| #include <math.h>
configure:3686: result: no
configure:3690: checking math.h presence
configure:3700: gcc -E  conftest.c
configure:3706: $? = 0
configure:3726: result: yes
configure:3739: WARNING: math.h: present but cannot be compiled
configure:3741: WARNING: math.h:     check for missing prerequisite headers?
configure:3743: WARNING: math.h: see the Autoconf documentation
configure:3745: WARNING: math.h:     section "Present But Cannot Be Compiled"
configure:3747: WARNING: math.h: proceeding with the preprocessor's result
configure:3749: WARNING: math.h: in the future, the compiler will take precedence
configure:3761: checking for math.h
configure:3768: result: yes
configure:3799: checking for abs in -lm
configure:3829: gcc -o conftest -fopenmp--with-ldflags=-fopenmp   conftest.c -lm   >&5
gcc: error: unrecognized command line option '-fopenmp--with-ldflags=-fopenmp'
configure:3835: $? = 1
configure: failed program was:
| /* confdefs.h.  */
| 
| #define PACKAGE_NAME "SUNDIALS"
| #define PACKAGE_TARNAME "sundials"
| #define PACKAGE_VERSION "2.5.0"
| #define PACKAGE_STRING "SUNDIALS 2.5.0"
| #define PACKAGE_BUGREPORT "radu@llnl.gov"
| #define HAVE_SYS_TYPES_H 1
| #define HAVE_SYS_STAT_H 1
| #define HAVE_STDLIB_H 1
| #define HAVE_STRING_H 1
| #define HAVE_MEMORY_H 1
| #define HAVE_STRINGS_H 1
| #define HAVE_INTTYPES_H 1
| #define HAVE_STDINT_H 1
| #define HAVE_UNISTD_H 1
| #define SUNDIALS_DOUBLE_PRECISION 1
| #define HAVE_STDLIB_H 1
| #define HAVE_FLOAT_H 1
| #define HAVE_MATH_H 1
| /* end confdefs.h.  */
| 
| /* Override any gcc2 internal prototype to avoid an error.  */
| #ifdef __cplusplus
| extern "C"
| #endif
| /* We use char because int might match the return type of a gcc2
|    builtin and then its argument prototype would still apply.  */
| char abs ();
| int
| main ()
| {
| abs ();
|   ;
|   return 0;
| }
configure:3861: result: no
configure:3871: error: cannot find abs function

## ---------------- ##
## Cache variables. ##
## ---------------- ##

ac_cv_build=x86_64-unknown-linux-gnu
ac_cv_build_alias=x86_64-unknown-linux-gnu
ac_cv_c_compiler_gnu=yes
ac_cv_env_CC_set=set
ac_cv_env_CC_value=gcc
ac_cv_env_CFLAGS_set=
ac_cv_env_CFLAGS_value=
ac_cv_env_CPPFLAGS_set=
ac_cv_env_CPPFLAGS_value=
ac_cv_env_CPP_set=
ac_cv_env_CPP_value=
ac_cv_env_CXXCPP_set=
ac_cv_env_CXXCPP_value=
ac_cv_env_CXXFLAGS_set=
ac_cv_env_CXXFLAGS_value=
ac_cv_env_CXX_set=
ac_cv_env_CXX_value=
ac_cv_env_F77_set=set
ac_cv_env_F77_value=gfortran
ac_cv_env_FFLAGS_set=
ac_cv_env_FFLAGS_value=
ac_cv_env_LDFLAGS_set=
ac_cv_env_LDFLAGS_value=
ac_cv_env_build_alias_set=
ac_cv_env_build_alias_value=
ac_cv_env_host_alias_set=
ac_cv_env_host_alias_value=
ac_cv_env_target_alias_set=
ac_cv_env_target_alias_value=
ac_cv_exeext=
ac_cv_header_float_h=yes
ac_cv_header_inttypes_h=yes
ac_cv_header_math_h=yes
ac_cv_header_memory_h=yes
ac_cv_header_stdc=no
ac_cv_header_stdint_h=yes
ac_cv_header_stdlib_h=yes
ac_cv_header_string_h=yes
ac_cv_header_strings_h=yes
ac_cv_header_sys_stat_h=yes
ac_cv_header_sys_types_h=yes
ac_cv_header_unistd_h=yes
ac_cv_host=x86_64-unknown-linux-gnu
ac_cv_host_alias=x86_64-unknown-linux-gnu
ac_cv_lib_m_abs=no
ac_cv_objext=o
ac_cv_path_install='/usr/bin/install -c'
ac_cv_prog_CPP='gcc -E'
ac_cv_prog_cc_g=yes
ac_cv_prog_cc_stdc=
ac_cv_prog_egrep='grep -E'
ac_cv_prog_make_make_set=yes

## ----------------- ##
## Output variables. ##
## ----------------- ##

AR=''
AS=''
BLAS_LAPACK_LIBS=''
BLAS_LAPACK_MACRO=''
CC='gcc'
CFLAGS='-fopenmp--with-ldflags=-fopenmp'
CPP='gcc -E'
CPPFLAGS=''
CXX=''
CXXCPP=''
CXXFLAGS=''
DEFS=''
DLLTOOL=''
ECHO='echo'
ECHO_C=''
ECHO_N='-n'
ECHO_T=''
EGREP='grep -E'
EXEEXT=''
EXS_INSTDIR=''
EXS_MODULES=''
F77='gfortran'
F77_CASE=''
F77_LDFLAGS=''
F77_LIBS=''
F77_LNKR=''
F77_MANGLE_MACRO1=''
F77_MANGLE_MACRO2=''
F77_MPI_COMM_F2C=''
F77_UNDERSCORES=''
FCMIX_ENABLED='yes'
FFLAGS=''
FGREP=''
FLIBS=''
FLOAT_TYPE='double'
GENERIC_MATH_LIB=''
INSTALL_DATA='${INSTALL} -m 644'
INSTALL_PROGRAM='${INSTALL}'
INSTALL_SCRIPT='${INSTALL}'
LAPACK_ENABLED='yes'
LDFLAGS=''
LIBOBJS=''
LIBS=''
LIBTOOL=''
LIBTOOL_DEPS=''
LN_S=''
LTLIBOBJS=''
MPICC=''
MPICC_COMP=''
MPIF77=''
MPIF77_COMP=''
MPIF77_LNKR=''
MPI_FLAGS=''
MPI_INC_DIR=''
MPI_LIBS=''
MPI_LIB_DIR=''
OBJDUMP=''
OBJEXT='o'
PACKAGE_BUGREPORT='radu@llnl.gov'
PACKAGE_NAME='SUNDIALS'
PACKAGE_STRING='SUNDIALS 2.5.0'
PACKAGE_TARNAME='sundials'
PACKAGE_VERSION='2.5.0'
PATH_SEPARATOR=':'
PRECISION_LEVEL='#define SUNDIALS_DOUBLE_PRECISION 1'
RANLIB=''
SED=''
SET_MAKE=''
SHARED_LIBS=''
SHELL='/bin/bash'
SLV_MODULES=''
STRIP=''
SUNDIALS_EXPORT='#define SUNDIALS_EXPORT'
ac_ct_AR=''
ac_ct_AS=''
ac_ct_CC=''
ac_ct_CXX=''
ac_ct_DLLTOOL=''
ac_ct_F77=''
ac_ct_OBJDUMP=''
ac_ct_RANLIB=''
ac_ct_STRIP=''
bindir='${exec_prefix}/bin'
build='x86_64-unknown-linux-gnu'
build_alias=''
build_cpu='x86_64'
build_os='linux-gnu'
build_vendor='unknown'
datadir='${prefix}/share'
exec_prefix='NONE'
host='x86_64-unknown-linux-gnu'
host_alias=''
host_cpu='x86_64'
host_os='linux-gnu'
host_vendor='unknown'
includedir='${prefix}/include'
infodir='${prefix}/info'
libdir='${exec_prefix}/lib'
libexecdir='${exec_prefix}/libexec'
localstatedir='${prefix}/var'
mandir='${prefix}/man'
oldincludedir='/usr/include'
prefix='NONE'
program_transform_name='s,x,x,'
sbindir='${exec_prefix}/sbin'
sharedstatedir='${prefix}/com'
sysconfdir='${prefix}/etc'
target_alias=''

## ----------- ##
## confdefs.h. ##
## ----------- ##

#define HAVE_FLOAT_H 1
#define HAVE_INTTYPES_H 1
#define HAVE_MATH_H 1
#define HAVE_MEMORY_H 1
#define HAVE_STDINT_H 1
#define HAVE_STDLIB_H 1
#define HAVE_STDLIB_H 1
#define HAVE_STRINGS_H 1
#define HAVE_STRING_H 1
#define HAVE_SYS_STAT_H 1
#define HAVE_SYS_TYPES_H 1
#define HAVE_UNISTD_H 1
#define PACKAGE_BUGREPORT "radu@llnl.gov"
#define PACKAGE_NAME "SUNDIALS"
#define PACKAGE_STRING "SUNDIALS 2.5.0"
#define PACKAGE_TARNAME "sundials"
#define PACKAGE_VERSION "2.5.0"
#define SUNDIALS_DOUBLE_PRECISION 1

configure: exit 1
